2021-06-02 13:59:38.8912 | DEBUG |  -  |  # init main #  
2021-06-02 13:59:49.7462 | ERROR |  -  |  # Failed executing DbCommand (12ms) [Parameters=[], CommandType='Text', CommandTimeout='30']
CREATE TABLE [AspNetRoles] (
    [Id] nvarchar(450) NOT NULL,
    [Name] nvarchar(256) NULL,
    [NormalizedName] nvarchar(256) NULL,
    [ConcurrencyStamp] nvarchar(max) NULL,
    CONSTRAINT [PK_AspNetRoles] PRIMARY KEY ([Id])
); # 
 
2021-06-02 13:59:50.2519 | ERROR |  -  |  # Error executing database initializer. # 
 EXCEPTION OCCURRED:Microsoft.Data.SqlClient.SqlException (0x80131904): There is already an object named 'AspNetRoles' in the database.
   at Microsoft.Data.SqlClient.SqlConnection.OnError(SqlException exception, Boolean breakConnection, Action`1 wrapCloseInAction)
   at Microsoft.Data.SqlClient.SqlInternalConnection.OnError(SqlException exception, Boolean breakConnection, Action`1 wrapCloseInAction)
   at Microsoft.Data.SqlClient.TdsParser.ThrowExceptionAndWarning(TdsParserStateObject stateObj, Boolean callerHasConnectionLock, Boolean asyncClose)
   at Microsoft.Data.SqlClient.TdsParser.TryRun(RunBehavior runBehavior, SqlCommand cmdHandler, SqlDataReader dataStream, BulkCopySimpleResultSet bulkCopyHandler, TdsParserStateObject stateObj, Boolean& dataReady)
   at Microsoft.Data.SqlClient.SqlCommand.RunExecuteNonQueryTds(String methodName, Boolean isAsync, Int32 timeout, Boolean asyncWrite)
   at Microsoft.Data.SqlClient.SqlCommand.InternalExecuteNonQuery(TaskCompletionSource`1 completion, Boolean sendToPipe, Int32 timeout, Boolean& usedCache, Boolean asyncWrite, Boolean inRetry, String methodName)
   at Microsoft.Data.SqlClient.SqlCommand.ExecuteNonQuery()
   at Microsoft.EntityFrameworkCore.Storage.RelationalCommand.ExecuteNonQuery(RelationalCommandParameterObject parameterObject)
   at Microsoft.EntityFrameworkCore.Migrations.MigrationCommand.ExecuteNonQuery(IRelationalConnection connection, IReadOnlyDictionary`2 parameterValues)
   at Microsoft.EntityFrameworkCore.Migrations.Internal.MigrationCommandExecutor.ExecuteNonQuery(IEnumerable`1 migrationCommands, IRelationalConnection connection)
   at Microsoft.EntityFrameworkCore.Migrations.Internal.Migrator.Migrate(String targetMigration)
   at Microsoft.EntityFrameworkCore.RelationalDatabaseFacadeExtensions.Migrate(DatabaseFacade databaseFacade)
   at RestaurantReservation.Infrastructure.Data.DbInitializer.Initialize() in C:\Users\MIS\source\repos\Restaurant Reservation Website\RestaurantReservation.Backend\RestaurantReservation.Infrastructure\Data\DbInitializer.cs:line 35
ClientConnectionId:79c8698f-00d7-4c62-b2d1-cc071f4ed2a8
Error Number:2714,State:6,Class:16
2021-06-02 13:59:50.3901 | INFO |  -  |  # Application started. Press Ctrl+C to shut down. #  
2021-06-02 13:59:50.4426 | INFO |  -  |  # Hosting environment: Development #  
2021-06-02 13:59:50.4426 | INFO |  -  |  # Content root path: C:\Users\MIS\source\repos\Restaurant Reservation Website\RestaurantReservation.Backend\RestaurantReservation.Api #  
2021-06-02 14:00:19.9063 | INFO | Authenticate - POST | https://localhost/api/authenticate/login # User refresh token has been created > HTTP 200 - OK #  
2021-06-02 14:01:12.6527 | INFO | Authenticate - POST | https://localhost/api/authenticate/refreshToken # User found from the valid access token given > HTTP 200 - OK #  
2021-06-02 14:01:12.7282 | INFO | Authenticate - POST | https://localhost/api/authenticate/refreshToken # User JWT Current access token has been refreshed > HTTP 200 - OK #  
2021-06-02 14:01:12.8812 | INFO | Authenticate - POST | https://localhost/api/authenticate/refreshToken # User found from the valid access token given > HTTP 200 - OK #  
2021-06-02 14:01:12.9023 | INFO | Authenticate - POST | https://localhost/api/authenticate/refreshToken # User JWT Current access token has been refreshed > HTTP 200 - OK #  
2021-06-02 14:01:12.9795 | INFO | Category - GET | https://localhost/api/category # Categories have been retrieved OK #  
2021-06-02 14:01:23.8174 | INFO | Authenticate - POST | https://localhost/api/authenticate/refreshToken # User found from the valid access token given > HTTP 200 - OK #  
2021-06-02 14:01:23.8380 | INFO | Authenticate - POST | https://localhost/api/authenticate/refreshToken # User JWT Current access token has been refreshed > HTTP 200 - OK #  
2021-06-02 14:01:24.1353 | INFO | Authenticate - POST | https://localhost/api/authenticate/refreshToken # User found from the valid access token given > HTTP 200 - OK #  
2021-06-02 14:01:24.1455 | INFO | Authenticate - POST | https://localhost/api/authenticate/refreshToken # User JWT Current access token has been refreshed > HTTP 200 - OK #  
2021-06-02 14:01:24.1788 | INFO | Schedule - GET | https://localhost/api/schedule/All/5 # Restaurant schedules have been retrieved OK #  
2021-06-02 14:01:30.2184 | INFO | Authenticate - POST | https://localhost/api/authenticate/refreshToken # User found from the valid access token given > HTTP 200 - OK #  
2021-06-02 14:01:30.2603 | INFO | Authenticate - POST | https://localhost/api/authenticate/refreshToken # User JWT Current access token has been refreshed > HTTP 200 - OK #  
2021-06-02 14:01:30.2982 | INFO | Authenticate - POST | https://localhost/api/authenticate/refreshToken # User found from the valid access token given > HTTP 200 - OK #  
2021-06-02 14:01:30.3596 | INFO | Authenticate - POST | https://localhost/api/authenticate/refreshToken # User JWT Current access token has been refreshed > HTTP 200 - OK #  
2021-06-02 14:02:27.9999 | INFO | Authenticate - POST | https://localhost/api/authenticate/refreshToken # User found from the valid access token given > HTTP 200 - OK #  
2021-06-02 14:02:28.1545 | INFO | Authenticate - POST | https://localhost/api/authenticate/refreshToken # User JWT Current access token has been refreshed > HTTP 200 - OK #  
2021-06-02 14:02:28.3674 | INFO | Promotion - POST | https://localhost/api/promotion # Promotion 6.6 Promotion has been created with ID 31 > HTTP 200 - OK #  
2021-06-02 14:02:28.4743 | INFO | Promotion - POST | https://localhost/api/promotion # New Promotion 6.6 Promotion with ID has been sent the email and update the email status 31 > HTTP 200 - OK #  
2021-06-02 14:02:28.5604 | INFO | Authenticate - POST | https://localhost/api/authenticate/refreshToken # User found from the valid access token given > HTTP 200 - OK #  
2021-06-02 14:02:28.5791 | INFO | Authenticate - POST | https://localhost/api/authenticate/refreshToken # User JWT Current access token has been refreshed > HTTP 200 - OK #  
2021-06-02 14:02:28.6956 | INFO | Authenticate - POST | https://localhost/api/authenticate/refreshToken # User found from the valid access token given > HTTP 200 - OK #  
2021-06-02 14:02:28.7145 | INFO | Authenticate - POST | https://localhost/api/authenticate/refreshToken # User JWT Current access token has been refreshed > HTTP 200 - OK #  
2021-06-02 14:02:28.7552 | INFO | Schedule - GET | https://localhost/api/schedule/All/5 # Restaurant schedules have been retrieved OK #  
2021-06-02 15:54:15.2584 | INFO | Authenticate - POST | https://localhost/api/authenticate/login # User refresh token has been created > HTTP 200 - OK #  
2021-06-02 15:54:22.3709 | INFO | Authenticate - POST | https://localhost/api/authenticate/refreshToken # User found from the valid access token given > HTTP 200 - OK #  
2021-06-02 15:54:22.4427 | INFO | Authenticate - POST | https://localhost/api/authenticate/refreshToken # User JWT Current access token has been refreshed > HTTP 200 - OK #  
2021-06-02 15:54:22.8226 | INFO | Authenticate - POST | https://localhost/api/authenticate/refreshToken # User found from the valid access token given > HTTP 200 - OK #  
2021-06-02 15:54:22.9128 | INFO | Authenticate - POST | https://localhost/api/authenticate/refreshToken # User JWT Current access token has been refreshed > HTTP 200 - OK #  
2021-06-02 15:54:22.9930 | INFO | Category - GET | https://localhost/api/category # Categories have been retrieved OK #  
2021-06-02 15:54:56.6611 | INFO | Authenticate - POST | https://localhost/api/authenticate/refreshToken # User found from the valid access token given > HTTP 200 - OK #  
2021-06-02 15:54:56.7334 | INFO | Authenticate - POST | https://localhost/api/authenticate/refreshToken # User JWT Current access token has been refreshed > HTTP 200 - OK #  
2021-06-02 15:54:57.3587 | INFO | Authenticate - POST | https://localhost/api/authenticate/refreshToken # User found from the valid access token given > HTTP 200 - OK #  
2021-06-02 15:54:57.4031 | INFO | Authenticate - POST | https://localhost/api/authenticate/refreshToken # User JWT Current access token has been refreshed > HTTP 200 - OK #  
2021-06-02 15:54:57.4565 | INFO | Schedule - GET | https://localhost/api/schedule/All/4 # Restaurant schedules have been retrieved OK #  
2021-06-02 15:55:07.7361 | INFO | Authenticate - POST | https://localhost/api/authenticate/refreshToken # User found from the valid access token given > HTTP 200 - OK #  
2021-06-02 15:55:07.8023 | INFO | Authenticate - POST | https://localhost/api/authenticate/refreshToken # User JWT Current access token has been refreshed > HTTP 200 - OK #  
2021-06-02 15:55:08.0504 | INFO | Authenticate - POST | https://localhost/api/authenticate/refreshToken # User found from the valid access token given > HTTP 200 - OK #  
2021-06-02 15:55:08.1483 | INFO | Authenticate - POST | https://localhost/api/authenticate/refreshToken # User JWT Current access token has been refreshed > HTTP 200 - OK #  
2021-06-02 15:55:59.5851 | INFO | Authenticate - POST | https://localhost/api/authenticate/refreshToken # User found from the valid access token given > HTTP 200 - OK #  
2021-06-02 15:55:59.6618 | INFO | Authenticate - POST | https://localhost/api/authenticate/refreshToken # User JWT Current access token has been refreshed > HTTP 200 - OK #  
2021-06-02 15:55:59.9289 | INFO | Promotion - POST | https://localhost/api/promotion # Promotion 7.7 Promotion has been created with ID 32 > HTTP 200 - OK #  
2021-06-02 15:56:00.1798 | INFO | Promotion - POST | https://localhost/api/promotion # New Promotion 7.7 Promotion with ID has been sent the email and update the email status 32 > HTTP 200 - OK #  
2021-06-02 15:56:00.4988 | INFO | Authenticate - POST | https://localhost/api/authenticate/refreshToken # User found from the valid access token given > HTTP 200 - OK #  
2021-06-02 15:56:00.5810 | INFO | Authenticate - POST | https://localhost/api/authenticate/refreshToken # User JWT Current access token has been refreshed > HTTP 200 - OK #  
2021-06-02 15:56:00.8720 | INFO | Authenticate - POST | https://localhost/api/authenticate/refreshToken # User found from the valid access token given > HTTP 200 - OK #  
2021-06-02 15:56:00.8987 | INFO | Authenticate - POST | https://localhost/api/authenticate/refreshToken # User JWT Current access token has been refreshed > HTTP 200 - OK #  
2021-06-02 15:56:00.9532 | INFO | Schedule - GET | https://localhost/api/schedule/All/4 # Restaurant schedules have been retrieved OK #  
2021-06-02 15:57:12.4702 | INFO | Authenticate - POST | https://localhost/api/authenticate/refreshToken # User found from the valid access token given > HTTP 200 - OK #  
2021-06-02 15:57:12.6802 | INFO | Authenticate - POST | https://localhost/api/authenticate/refreshToken # User JWT Current access token has been refreshed > HTTP 200 - OK #  
2021-06-02 15:57:12.8605 | INFO | Promotion - GET | https://localhost/api/promotion/32 # Schedule of ID 32 and relevant restaurant info have been retrieved OK #  
2021-06-02 16:24:31.6346 | INFO | Authenticate - POST | https://localhost/api/authenticate/refreshToken # User found from the valid access token given > HTTP 200 - OK #  
2021-06-02 16:24:31.7030 | INFO | Authenticate - POST | https://localhost/api/authenticate/refreshToken # User JWT Current access token has been refreshed > HTTP 200 - OK #  
2021-06-02 16:29:56.5361 | INFO | Authenticate - POST | https://localhost/api/authenticate/login # User refresh token has been created > HTTP 200 - OK #  
2021-06-02 16:29:58.7149 | INFO | Authenticate - POST | https://localhost/api/authenticate/refreshToken # User found from the valid access token given > HTTP 200 - OK #  
2021-06-02 16:29:58.7815 | INFO | Authenticate - POST | https://localhost/api/authenticate/refreshToken # User JWT Current access token has been refreshed > HTTP 200 - OK #  
2021-06-02 16:29:59.0025 | INFO | User - GET | https://localhost/api/user/info/15340864-a91e-460d-aa8d-92b84aee2396 # User with ID 15340864-a91e-460d-aa8d-92b84aee2396 have been retrieved OK #  
2021-06-02 16:32:38.9397 | INFO | Authenticate - POST | https://localhost/api/authenticate/refreshToken # User found from the valid access token given > HTTP 200 - OK #  
2021-06-02 16:32:39.2084 | INFO | Authenticate - POST | https://localhost/api/authenticate/refreshToken # User JWT Current access token has been refreshed > HTTP 200 - OK #  
2021-06-02 16:32:39.4684 | INFO | Authenticate - POST | https://localhost/api/authenticate/refreshToken # User found from the valid access token given > HTTP 200 - OK #  
2021-06-02 16:32:39.5137 | INFO | Authenticate - POST | https://localhost/api/authenticate/refreshToken # User JWT Current access token has been refreshed > HTTP 200 - OK #  
2021-06-02 16:32:39.6063 | INFO | Category - GET | https://localhost/api/category # Categories have been retrieved OK #  
2021-06-02 16:35:58.7035 | INFO | Authenticate - POST | https://localhost/api/authenticate/refreshToken # User found from the valid access token given > HTTP 200 - OK #  
2021-06-02 16:35:58.7398 | INFO | Authenticate - POST | https://localhost/api/authenticate/refreshToken # User JWT Current access token has been refreshed > HTTP 200 - OK #  
2021-06-02 16:35:58.9187 | INFO | Booking - GET | https://localhost/api/booking/Admin/All # All the Members' Bookings System.Collections.Generic.List`1[RestaurantReservation.Core.Entities.Booking] has been retrieved successfully > HTTP 200 - OK #  
2021-06-02 16:36:02.3842 | INFO | Authenticate - POST | https://localhost/api/authenticate/refreshToken # User found from the valid access token given > HTTP 200 - OK #  
2021-06-02 16:36:02.5244 | INFO | Authenticate - POST | https://localhost/api/authenticate/refreshToken # User JWT Current access token has been refreshed > HTTP 200 - OK #  
2021-06-02 16:36:03.0494 | INFO | Booking - GET | https://localhost/api/booking/Details/BookingNo/d9420 # Booking of Number d9420 have been retrieved > HTTP 200 - OK #  
2021-06-02 16:36:33.8272 | INFO | Authenticate - POST | https://localhost/api/authenticate/refreshToken # User found from the valid access token given > HTTP 200 - OK #  
2021-06-02 16:36:33.8650 | INFO | Authenticate - POST | https://localhost/api/authenticate/refreshToken # User JWT Current access token has been refreshed > HTTP 200 - OK #  
2021-06-02 16:36:34.0798 | INFO | Booking - GET | https://localhost/api/booking/Admin/All # All the Members' Bookings System.Collections.Generic.List`1[RestaurantReservation.Core.Entities.Booking] has been retrieved successfully > HTTP 200 - OK #  
2021-06-02 16:36:36.3013 | INFO | Authenticate - POST | https://localhost/api/authenticate/refreshToken # User found from the valid access token given > HTTP 200 - OK #  
2021-06-02 16:36:36.3250 | INFO | Authenticate - POST | https://localhost/api/authenticate/refreshToken # User JWT Current access token has been refreshed > HTTP 200 - OK #  
2021-06-02 16:36:36.3769 | INFO | Booking - GET | https://localhost/api/booking/Admin/Pending # All the Members' Bookings System.Linq.Enumerable+WhereListIterator`1[RestaurantReservation.Core.Entities.Booking] has been retrieved successfully > HTTP 200 - OK #  
